INFO 2025-05-24 17:32:42,007 autoreload Watching for file changes with StatReloader
INFO 2025-05-24 17:32:50,067 basehttp "GET /app/api/notifications/ HTTP/1.1" 200 312
ERROR 2025-05-24 17:32:52,590 log Internal Server Error: /app/expenses/
Traceback (most recent call last):
  File "/Users/mehdi/Documents/my_projects/financefacile/.venv/lib/python3.11/site-packages/django/core/handlers/exception.py", line 55, in inner
    response = get_response(request)
               ^^^^^^^^^^^^^^^^^^^^^
  File "/Users/mehdi/Documents/my_projects/financefacile/.venv/lib/python3.11/site-packages/django/core/handlers/base.py", line 220, in _get_response
    response = response.render()
               ^^^^^^^^^^^^^^^^^
  File "/Users/mehdi/Documents/my_projects/financefacile/.venv/lib/python3.11/site-packages/django/template/response.py", line 114, in render
    self.content = self.rendered_content
                   ^^^^^^^^^^^^^^^^^^^^^
  File "/Users/mehdi/Documents/my_projects/financefacile/.venv/lib/python3.11/site-packages/django/template/response.py", line 90, in rendered_content
    template = self.resolve_template(self.template_name)
               ^^^^^^^^^^^^^^^^^^^^^^^^^^^^^^^^^^^^^^^^^
  File "/Users/mehdi/Documents/my_projects/financefacile/.venv/lib/python3.11/site-packages/django/template/response.py", line 72, in resolve_template
    return select_template(template, using=self.using)
           ^^^^^^^^^^^^^^^^^^^^^^^^^^^^^^^^^^^^^^^^^^^
  File "/Users/mehdi/Documents/my_projects/financefacile/.venv/lib/python3.11/site-packages/django/template/loader.py", line 47, in select_template
    raise TemplateDoesNotExist(", ".join(template_name_list), chain=chain)
django.template.exceptions.TemplateDoesNotExist: expenses/expenses_list.html, core/expense_list.html
ERROR 2025-05-24 17:32:52,591 basehttp "GET /app/expenses/ HTTP/1.1" 500 90705
INFO 2025-05-24 17:32:57,336 basehttp "GET / HTTP/1.1" 302 0
INFO 2025-05-24 17:32:57,371 basehttp "GET /landing/ HTTP/1.1" 302 0
INFO 2025-05-24 17:32:57,423 models Invoice #1: get_total called
INFO 2025-05-24 17:32:57,423 models Invoice #1: get_tva_rate called, self.tva_rate = 20.00
INFO 2025-05-24 17:32:57,423 models Invoice #1: get_stamp_fee called, self.include_stamp_fee = True
INFO 2025-05-24 17:32:57,424 models Invoice #1: Using company stamp fee: 1.00
INFO 2025-05-24 17:32:57,424 models Invoice #1: Calculating total: subtotal=330.00, tva_amount=66.0000, stamp_fee=1.00
INFO 2025-05-24 17:32:57,424 models Invoice #1: Final total: 397.0000
ERROR 2025-05-24 17:32:57,449 log Internal Server Error: /app/
Traceback (most recent call last):
  File "/Users/mehdi/Documents/my_projects/financefacile/.venv/lib/python3.11/site-packages/django/core/handlers/exception.py", line 55, in inner
    response = get_response(request)
               ^^^^^^^^^^^^^^^^^^^^^
  File "/Users/mehdi/Documents/my_projects/financefacile/.venv/lib/python3.11/site-packages/django/core/handlers/base.py", line 197, in _get_response
    response = wrapped_callback(request, *callback_args, **callback_kwargs)
               ^^^^^^^^^^^^^^^^^^^^^^^^^^^^^^^^^^^^^^^^^^^^^^^^^^^^^^^^^^^^
  File "/Users/mehdi/Documents/my_projects/financefacile/.venv/lib/python3.11/site-packages/django/contrib/auth/decorators.py", line 23, in _wrapper_view
    return view_func(request, *args, **kwargs)
           ^^^^^^^^^^^^^^^^^^^^^^^^^^^^^^^^^^^
  File "/Users/mehdi/Documents/my_projects/financefacile/financefacile/core/views/common.py", line 249, in home
    return render(request, 'index.html', context)
           ^^^^^^^^^^^^^^^^^^^^^^^^^^^^^^^^^^^^^^
  File "/Users/mehdi/Documents/my_projects/financefacile/.venv/lib/python3.11/site-packages/django/shortcuts.py", line 25, in render
    content = loader.render_to_string(template_name, context, request, using=using)
              ^^^^^^^^^^^^^^^^^^^^^^^^^^^^^^^^^^^^^^^^^^^^^^^^^^^^^^^^^^^^^^^^^^^^^
  File "/Users/mehdi/Documents/my_projects/financefacile/.venv/lib/python3.11/site-packages/django/template/loader.py", line 61, in render_to_string
    template = get_template(template_name, using=using)
               ^^^^^^^^^^^^^^^^^^^^^^^^^^^^^^^^^^^^^^^^
  File "/Users/mehdi/Documents/my_projects/financefacile/.venv/lib/python3.11/site-packages/django/template/loader.py", line 19, in get_template
    raise TemplateDoesNotExist(template_name, chain=chain)
django.template.exceptions.TemplateDoesNotExist: index.html
ERROR 2025-05-24 17:32:57,450 basehttp "GET /app/ HTTP/1.1" 500 103083
INFO 2025-05-24 17:32:57,573 basehttp "GET / HTTP/1.1" 302 0
INFO 2025-05-24 17:32:57,598 basehttp "GET /landing/ HTTP/1.1" 302 0
INFO 2025-05-24 17:32:57,686 models Invoice #1: get_total called
INFO 2025-05-24 17:32:57,687 models Invoice #1: get_tva_rate called, self.tva_rate = 20.00
INFO 2025-05-24 17:32:57,687 models Invoice #1: get_stamp_fee called, self.include_stamp_fee = True
INFO 2025-05-24 17:32:57,689 models Invoice #1: Using company stamp fee: 1.00
INFO 2025-05-24 17:32:57,689 models Invoice #1: Calculating total: subtotal=330.00, tva_amount=66.0000, stamp_fee=1.00
INFO 2025-05-24 17:32:57,689 models Invoice #1: Final total: 397.0000
ERROR 2025-05-24 17:32:57,714 log Internal Server Error: /app/
Traceback (most recent call last):
  File "/Users/mehdi/Documents/my_projects/financefacile/.venv/lib/python3.11/site-packages/django/core/handlers/exception.py", line 55, in inner
    response = get_response(request)
               ^^^^^^^^^^^^^^^^^^^^^
  File "/Users/mehdi/Documents/my_projects/financefacile/.venv/lib/python3.11/site-packages/django/core/handlers/base.py", line 197, in _get_response
    response = wrapped_callback(request, *callback_args, **callback_kwargs)
               ^^^^^^^^^^^^^^^^^^^^^^^^^^^^^^^^^^^^^^^^^^^^^^^^^^^^^^^^^^^^
  File "/Users/mehdi/Documents/my_projects/financefacile/.venv/lib/python3.11/site-packages/django/contrib/auth/decorators.py", line 23, in _wrapper_view
    return view_func(request, *args, **kwargs)
           ^^^^^^^^^^^^^^^^^^^^^^^^^^^^^^^^^^^
  File "/Users/mehdi/Documents/my_projects/financefacile/financefacile/core/views/common.py", line 249, in home
    return render(request, 'index.html', context)
           ^^^^^^^^^^^^^^^^^^^^^^^^^^^^^^^^^^^^^^
  File "/Users/mehdi/Documents/my_projects/financefacile/.venv/lib/python3.11/site-packages/django/shortcuts.py", line 25, in render
    content = loader.render_to_string(template_name, context, request, using=using)
              ^^^^^^^^^^^^^^^^^^^^^^^^^^^^^^^^^^^^^^^^^^^^^^^^^^^^^^^^^^^^^^^^^^^^^
  File "/Users/mehdi/Documents/my_projects/financefacile/.venv/lib/python3.11/site-packages/django/template/loader.py", line 61, in render_to_string
    template = get_template(template_name, using=using)
               ^^^^^^^^^^^^^^^^^^^^^^^^^^^^^^^^^^^^^^^^
  File "/Users/mehdi/Documents/my_projects/financefacile/.venv/lib/python3.11/site-packages/django/template/loader.py", line 19, in get_template
    raise TemplateDoesNotExist(template_name, chain=chain)
django.template.exceptions.TemplateDoesNotExist: index.html
ERROR 2025-05-24 17:32:57,715 basehttp "GET /app/ HTTP/1.1" 500 102809
INFO 2025-05-25 19:58:26,442 autoreload Watching for file changes with StatReloader
INFO 2025-05-25 19:59:34,758 autoreload Watching for file changes with StatReloader
INFO 2025-06-06 18:28:25,608 autoreload Watching for file changes with StatReloader
